<?xml version="1.0" encoding="UTF-8"?>
<testsuite xmlns:xsi="http://www.w3.org/2001/XMLSchema-instance" xsi:noNamespaceSchemaLocation="https://maven.apache.org/surefire/maven-surefire-plugin/xsd/surefire-test-report-3.0.xsd" version="3.0" name="br.com.fiap.agenda_coleta_lixo.AgendaColetaLixoApplicationTests" time="13.732" tests="1" errors="0" skipped="0" failures="0">
  <properties>
[...]
</properties>
  <testcase name="contextLoads" classname="br.com.fiap.agenda_coleta_lixo.AgendaColetaLixoApplicationTests" time="6.68">
    <system-out><![CDATA[14:08:09.905 [main] INFO org.springframework.test.context.support.AnnotationConfigContextLoaderUtils -- Could not detect default configuration classes for test class [br.com.fiap.agenda_coleta_lixo.AgendaColetaLixoApplicationTests]: AgendaColetaLixoApplicationTests does not declare any static, non-private, non-final, nested classes annotated with @Configuration.
14:08:10.163 [main] INFO org.springframework.boot.test.context.SpringBootTestContextBootstrapper -- Found @SpringBootConfiguration br.com.fiap.agenda_coleta_lixo.AgendaColetaLixoApplication for test class br.com.fiap.agenda_coleta_lixo.AgendaColetaLixoApplicationTests

  .   ____          _            __ _ _
 /\\ / ___'_ __ _ _(_)_ __  __ _ \ \ \ \
( ( )\___ | '_ | '_| | '_ \/ _` | \ \ \ \
 \\/  ___)| |_)| | | | | || (_| |  ) ) ) )
  '  |____| .__|_| |_|_| |_\__, | / / / /
 =========|_|==============|___/=/_/_/_/

 :: Spring Boot ::                (v3.3.4)

2024-10-13T14:08:11.221-03:00  INFO 2564 --- [agenda-coleta-lixo] [           main] b.c.f.a.AgendaColetaLixoApplicationTests : Starting AgendaColetaLixoApplicationTests using Java 23 with PID 2564 (started by BRibeirodefreitas in C:\Users\BRibeirodefreitas\agenda-coleta-lixo)
2024-10-13T14:08:11.225-03:00  INFO 2564 --- [agenda-coleta-lixo] [           main] b.c.f.a.AgendaColetaLixoApplicationTests : No active profile set, falling back to 1 default profile: "default"
2024-10-13T14:08:12.701-03:00  INFO 2564 --- [agenda-coleta-lixo] [           main] .s.d.r.c.RepositoryConfigurationDelegate : Bootstrapping Spring Data MongoDB repositories in DEFAULT mode.
2024-10-13T14:08:12.787-03:00  INFO 2564 --- [agenda-coleta-lixo] [           main] .s.d.r.c.RepositoryConfigurationDelegate : Finished Spring Data repository scanning in 75 ms. Found 1 MongoDB repository interface.
2024-10-13T14:08:13.756-03:00  INFO 2564 --- [agenda-coleta-lixo] [eqh.mongodb.net] org.mongodb.driver.cluster               : Adding discovered server ac-ypwtf1o-shard-00-00.1ws5eqh.mongodb.net:27017 to client view of cluster
2024-10-13T14:08:13.834-03:00  INFO 2564 --- [agenda-coleta-lixo] [           main] org.mongodb.driver.client                : MongoClient with metadata {"application": {"name": "Cluster0"}, "driver": {"name": "mongo-java-driver|sync|spring-boot", "version": "5.0.1"}, "os": {"type": "Windows", "name": "Windows 11", "architecture": "amd64", "version": "10.0"}, "platform": "Java/Oracle Corporation/23+37-2369"} created with settings MongoClientSettings{readPreference=primary, writeConcern=WriteConcern{w=majority, wTimeout=null ms, journal=null}, retryWrites=true, retryReads=true, readConcern=ReadConcern{level=null}, credential=MongoCredential{mechanism=null, userName='rafafiap', source='admin', password=<hidden>, mechanismProperties=<hidden>}, transportSettings=null, commandListeners=[], codecRegistry=ProvidersCodecRegistry{codecProviders=[ValueCodecProvider{}, BsonValueCodecProvider{}, DBRefCodecProvider{}, DBObjectCodecProvider{}, DocumentCodecProvider{}, CollectionCodecProvider{}, IterableCodecProvider{}, MapCodecProvider{}, GeoJsonCodecProvider{}, GridFSFileCodecProvider{}, Jsr310CodecProvider{}, JsonObjectCodecProvider{}, BsonCodecProvider{}, EnumCodecProvider{}, com.mongodb.client.model.mql.ExpressionCodecProvider@3440e9cd, com.mongodb.Jep395RecordCodecProvider@28a9494b, com.mongodb.KotlinCodecProvider@a09303]}, loggerSettings=LoggerSettings{maxDocumentLength=1000}, clusterSettings={hosts=[127.0.0.1:27017], srvHost=cluster0.1ws5eqh.mongodb.net, srvServiceName=mongodb, mode=MULTIPLE, requiredClusterType=REPLICA_SET, requiredReplicaSetName='atlas-81obqe-shard-0', serverSelector='null', clusterListeners='[]', serverSelectionTimeout='30000 ms', localThreshold='15 ms'}, socketSettings=SocketSettings{connectTimeoutMS=10000, readTimeoutMS=0, receiveBufferSize=0, proxySettings=ProxySettings{host=null, port=null, username=null, password=null}}, heartbeatSocketSettings=SocketSettings{connectTimeoutMS=10000, readTimeoutMS=10000, receiveBufferSize=0, proxySettings=ProxySettings{host=null, port=null, username=null, password=null}}, connectionPoolSettings=ConnectionPoolSettings{maxSize=100, minSize=0, maxWaitTimeMS=120000, maxConnectionLifeTimeMS=0, maxConnectionIdleTimeMS=0, maintenanceInitialDelayMS=0, maintenanceFrequencyMS=60000, connectionPoolListeners=[], maxConnecting=2}, serverSettings=ServerSettings{heartbeatFrequencyMS=10000, minHeartbeatFrequencyMS=500, serverListeners='[]', serverMonitorListeners='[]'}, sslSettings=SslSettings{enabled=true, invalidHostNameAllowed=false, context=null}, applicationName='Cluster0', compressorList=[], uuidRepresentation=JAVA_LEGACY, serverApi=null, autoEncryptionSettings=null, dnsClient=null, inetAddressResolver=null, contextProvider=null}
2024-10-13T14:08:13.850-03:00  INFO 2564 --- [agenda-coleta-lixo] [eqh.mongodb.net] org.mongodb.driver.cluster               : Adding discovered server ac-ypwtf1o-shard-00-02.1ws5eqh.mongodb.net:27017 to client view of cluster
2024-10-13T14:08:13.854-03:00  INFO 2564 --- [agenda-coleta-lixo] [eqh.mongodb.net] org.mongodb.driver.cluster               : Adding discovered server ac-ypwtf1o-shard-00-01.1ws5eqh.mongodb.net:27017 to client view of cluster
2024-10-13T14:08:14.985-03:00  INFO 2564 --- [agenda-coleta-lixo] [ngodb.net:27017] org.mongodb.driver.cluster               : Monitor thread successfully connected to server with description ServerDescription{address=ac-ypwtf1o-shard-00-01.1ws5eqh.mongodb.net:27017, type=REPLICA_SET_SECONDARY, state=CONNECTED, ok=true, minWireVersion=0, maxWireVersion=21, maxDocumentSize=16777216, logicalSessionTimeoutMinutes=30, roundTripTimeNanos=567536100, setName='atlas-81obqe-shard-0', canonicalAddress=ac-ypwtf1o-shard-00-01.1ws5eqh.mongodb.net:27017, hosts=[ac-ypwtf1o-shard-00-00.1ws5eqh.mongodb.net:27017, ac-ypwtf1o-shard-00-01.1ws5eqh.mongodb.net:27017, ac-ypwtf1o-shard-00-02.1ws5eqh.mongodb.net:27017], passives=[], arbiters=[], primary='ac-ypwtf1o-shard-00-02.1ws5eqh.mongodb.net:27017', tagSet=TagSet{[Tag{name='availabilityZone', value='sae1-az3'}, Tag{name='diskState', value='READY'}, Tag{name='nodeType', value='ELECTABLE'}, Tag{name='provider', value='AWS'}, Tag{name='region', value='SA_EAST_1'}, Tag{name='workloadType', value='OPERATIONAL'}]}, electionId=null, setVersion=6, topologyVersion=TopologyVersion{processId=67081faebfb851cc75fdd054, counter=3}, lastWriteDate=Sun Oct 13 14:08:27 GMT-03:00 2024, lastUpdateTimeNanos=970111260900}
2024-10-13T14:08:14.985-03:00  INFO 2564 --- [agenda-coleta-lixo] [ngodb.net:27017] org.mongodb.driver.cluster               : Monitor thread successfully connected to server with description ServerDescription{address=ac-ypwtf1o-shard-00-00.1ws5eqh.mongodb.net:27017, type=REPLICA_SET_SECONDARY, state=CONNECTED, ok=true, minWireVersion=0, maxWireVersion=21, maxDocumentSize=16777216, logicalSessionTimeoutMinutes=30, roundTripTimeNanos=555427400, setName='atlas-81obqe-shard-0', canonicalAddress=ac-ypwtf1o-shard-00-00.1ws5eqh.mongodb.net:27017, hosts=[ac-ypwtf1o-shard-00-00.1ws5eqh.mongodb.net:27017, ac-ypwtf1o-shard-00-01.1ws5eqh.mongodb.net:27017, ac-ypwtf1o-shard-00-02.1ws5eqh.mongodb.net:27017], passives=[], arbiters=[], primary='ac-ypwtf1o-shard-00-02.1ws5eqh.mongodb.net:27017', tagSet=TagSet{[Tag{name='availabilityZone', value='sae1-az1'}, Tag{name='diskState', value='READY'}, Tag{name='nodeType', value='ELECTABLE'}, Tag{name='provider', value='AWS'}, Tag{name='region', value='SA_EAST_1'}, Tag{name='workloadType', value='OPERATIONAL'}]}, electionId=null, setVersion=6, topologyVersion=TopologyVersion{processId=67081b11e9b704adaa8c1270, counter=4}, lastWriteDate=Sun Oct 13 14:08:27 GMT-03:00 2024, lastUpdateTimeNanos=970102797800}
2024-10-13T14:08:14.986-03:00  INFO 2564 --- [agenda-coleta-lixo] [ngodb.net:27017] org.mongodb.driver.cluster               : Monitor thread successfully connected to server with description ServerDescription{address=ac-ypwtf1o-shard-00-02.1ws5eqh.mongodb.net:27017, type=REPLICA_SET_PRIMARY, state=CONNECTED, ok=true, minWireVersion=0, maxWireVersion=21, maxDocumentSize=16777216, logicalSessionTimeoutMinutes=30, roundTripTimeNanos=564610900, setName='atlas-81obqe-shard-0', canonicalAddress=ac-ypwtf1o-shard-00-02.1ws5eqh.mongodb.net:27017, hosts=[ac-ypwtf1o-shard-00-00.1ws5eqh.mongodb.net:27017, ac-ypwtf1o-shard-00-01.1ws5eqh.mongodb.net:27017, ac-ypwtf1o-shard-00-02.1ws5eqh.mongodb.net:27017], passives=[], arbiters=[], primary='ac-ypwtf1o-shard-00-02.1ws5eqh.mongodb.net:27017', tagSet=TagSet{[Tag{name='availabilityZone', value='sae1-az2'}, Tag{name='diskState', value='READY'}, Tag{name='nodeType', value='ELECTABLE'}, Tag{name='provider', value='AWS'}, Tag{name='region', value='SA_EAST_1'}, Tag{name='workloadType', value='OPERATIONAL'}]}, electionId=7fffffff0000000000000079, setVersion=6, topologyVersion=TopologyVersion{processId=67081d85351792eb4fcbeb56, counter=6}, lastWriteDate=Sun Oct 13 14:08:27 GMT-03:00 2024, lastUpdateTimeNanos=970112242400}
2024-10-13T14:08:15.001-03:00  INFO 2564 --- [agenda-coleta-lixo] [ngodb.net:27017] org.mongodb.driver.cluster               : Discovered replica set primary ac-ypwtf1o-shard-00-02.1ws5eqh.mongodb.net:27017 with max election id 7fffffff0000000000000079 and max set version 6
2024-10-13T14:08:16.494-03:00  INFO 2564 --- [agenda-coleta-lixo] [           main] b.c.f.a.AgendaColetaLixoApplicationTests : Started AgendaColetaLixoApplicationTests in 6.02 seconds (process running for 8.316)
]]></system-out>
    <system-err><![CDATA[WARNING: A Java agent has been loaded dynamically (C:\Users\BRibeirodefreitas\.m2\repository\net\bytebuddy\byte-buddy-agent\1.14.19\byte-buddy-agent-1.14.19.jar)
WARNING: If a serviceability tool is in use, please run with -XX:+EnableDynamicAgentLoading to hide this warning
WARNING: If a serviceability tool is not in use, please run with -Djdk.instrument.traceUsage for more information
WARNING: Dynamic loading of agents will be disallowed by default in a future release
]]></system-err>
  </testcase>
</testsuite>